<?xml version="1.0" encoding="UTF-8"?>
<!-- Generated by org.testng.reporters.JUnitXMLReporter -->
<testsuite ignored="0" hostname="DESKTOP-44CB39I" failures="0" tests="2" name="Test2" time="45.887" errors="0" timestamp="2023-06-06T18:27:02 IST">
  <testcase classname="QA_AccountManager_TestCases.Forgotpassword_functional" name="forgotpasspage" time="0.113"/>
  <testcase classname="QA_AccountManager_TestCases.Forgotpassword_functional" name="validate_toast" time="31.833"/>
</testsuite> <!-- Test2 -->
