<?xml version="1.0" encoding="UTF-8"?>
<testng-results ignored="0" total="1" passed="1" failed="0" skipped="0">
  <reporter-output>
  </reporter-output>
  <suite started-at="2023-06-14T15:29:38 IST" name="Suite" finished-at="2023-06-14T15:29:47 IST" duration-ms="9231">
    <groups>
    </groups>
    <test started-at="2023-06-14T15:29:38 IST" name="SelfRegistration" finished-at="2023-06-14T15:29:47 IST" duration-ms="9231">
      <class name="QA_ACPartner_TestCases.UiDashboard">
        <test-method is-config="true" signature="beforetestmethod()[pri:0, instance:QA_ACPartner_TestCases.UiDashboard@14cd1699]" started-at="2023-06-14T15:29:38 IST" name="beforetestmethod" finished-at="2023-06-14T15:29:38 IST" duration-ms="353" status="PASS">
          <reporter-output>
          </reporter-output>
        </test-method> <!-- beforetestmethod -->
        <test-method is-config="true" signature="beforeMethodMethod(java.lang.String,java.lang.reflect.Method)[pri:0, instance:QA_ACPartner_TestCases.UiDashboard@14cd1699]" started-at="2023-06-14T15:29:38 IST" name="beforeMethodMethod" finished-at="2023-06-14T15:29:44 IST" duration-ms="6118" status="PASS">
          <params>
            <param index="0">
              <value>
                <![CDATA[chrome]]>
              </value>
            </param>
            <param index="1">
              <value>
                <![CDATA[public void QA_ACPartner_TestCases.UiDashboard.login() throws java.lang.InterruptedException,java.io.IOException]]>
              </value>
            </param>
          </params>
          <reporter-output>
          </reporter-output>
        </test-method> <!-- beforeMethodMethod -->
        <test-method signature="login()[pri:0, instance:QA_ACPartner_TestCases.UiDashboard@14cd1699]" started-at="2023-06-14T15:29:44 IST" name="login" finished-at="2023-06-14T15:29:46 IST" duration-ms="1618" status="PASS">
          <reporter-output>
          </reporter-output>
        </test-method> <!-- login -->
        <test-method is-config="true" signature="afterMethod(org.testng.ITestResult)[pri:0, instance:QA_ACPartner_TestCases.UiDashboard@14cd1699]" started-at="2023-06-14T15:29:46 IST" name="afterMethod" finished-at="2023-06-14T15:29:47 IST" duration-ms="618" status="PASS">
          <params>
            <param index="0">
              <value>
                <![CDATA[[TestResult name=login status=SUCCESS method=UiDashboard.login()[pri:0, instance:QA_ACPartner_TestCases.UiDashboard@14cd1699] output={null}]]]>
              </value>
            </param>
          </params>
          <reporter-output>
          </reporter-output>
        </test-method> <!-- afterMethod -->
        <test-method is-config="true" signature="afterTest()[pri:0, instance:QA_ACPartner_TestCases.UiDashboard@14cd1699]" started-at="2023-06-14T15:29:47 IST" name="afterTest" finished-at="2023-06-14T15:29:47 IST" duration-ms="465" status="PASS">
          <reporter-output>
          </reporter-output>
        </test-method> <!-- afterTest -->
      </class> <!-- QA_ACPartner_TestCases.UiDashboard -->
    </test> <!-- SelfRegistration -->
  </suite> <!-- Suite -->
</testng-results>
